# JRE version: Java(TM) SE Runtime Environment (19.0.1+10) (build 19.0.1+10-21)
# Java VM: Java HotSpot(TM) 64-Bit Server VM (19.0.1+10-21, mixed mode, sharing, tiered, compressed oops, compressed class ptrs, g1 gc, windows-amd64)
GC Precious Log:
 CardTable entry size: 512
 Card Set container configuration: InlinePtr #cards 5 size 8 Array Of Cards #cards 12 size 40 Howl #buckets 4 coarsen threshold 1843 Howl Bitmap #cards 512 size 80 coarsen threshold 460 Card regions per heap region 1 cards per card region 2048
 CPUs: 8 total, 8 available
 Memory: 8089M
 Large Page Support: Disabled
 NUMA Support: Disabled
 Compressed Oops: Enabled (32-bit)
 Heap Region Size: 1M
 Heap Min Capacity: 8M
 Heap Initial Capacity: 128M
 Heap Max Capacity: 2024M
 Pre-touch: Disabled
 Parallel Workers: 8
 Concurrent Workers: 2
 Concurrent Refinement Workers: 8
 Periodic GC: Disabled
Heap:
 garbage-first heap   total 70656K, used 32493K [0x0000000081800000, 0x0000000100000000)
  region size 1024K, 6 young (6144K), 1 survivors (1024K)
 Metaspace       used 66133K, committed 66880K, reserved 1114112K
  class space    used 8674K, committed 9024K, reserved 1048576K
GC Heap History (20 events):
Event: 3.849 GC heap before
{Heap before GC invocations=6 (full 0):
 garbage-first heap   total 48128K, used 32920K [0x0000000081800000, 0x0000000100000000)
  region size 1024K, 19 young (19456K), 1 survivors (1024K)
 Metaspace       used 28835K, committed 29248K, reserved 1114112K
  class space    used 3533K, committed 3712K, reserved 1048576K
}
Event: 3.853 GC heap after
{Heap after GC invocations=7 (full 0):
 garbage-first heap   total 48128K, used 16637K [0x0000000081800000, 0x0000000100000000)
  region size 1024K, 2 young (2048K), 2 survivors (2048K)
 Metaspace       used 28835K, committed 29248K, reserved 1114112K
  class space    used 3533K, committed 3712K, reserved 1048576K
}
Event: 4.260 GC heap before
{Heap before GC invocations=7 (full 0):
 garbage-first heap   total 48128K, used 25853K [0x0000000081800000, 0x0000000100000000)
  region size 1024K, 13 young (13312K), 2 survivors (2048K)
 Metaspace       used 35562K, committed 35968K, reserved 1114112K
  class space    used 4285K, committed 4480K, reserved 1048576K
}
Event: 4.263 GC heap after
{Heap after GC invocations=8 (full 0):
 garbage-first heap   total 48128K, used 18282K [0x0000000081800000, 0x0000000100000000)
  region size 1024K, 2 young (2048K), 2 survivors (2048K)
 Metaspace       used 35562K, committed 35968K, reserved 1114112K
  class space    used 4285K, committed 4480K, reserved 1048576K
}
Event: 4.684 GC heap before
{Heap before GC invocations=9 (full 0):
 garbage-first heap   total 48128K, used 35690K [0x0000000081800000, 0x0000000100000000)
  region size 1024K, 19 young (19456K), 2 survivors (2048K)
 Metaspace       used 39681K, committed 40192K, reserved 1114112K
  class space    used 4843K, committed 5056K, reserved 1048576K
}
Event: 4.687 GC heap after
{Heap after GC invocations=10 (full 0):
 garbage-first heap   total 48128K, used 19652K [0x0000000081800000, 0x0000000100000000)
  region size 1024K, 2 young (2048K), 2 survivors (2048K)
 Metaspace       used 39681K, committed 40192K, reserved 1114112K
  class space    used 4843K, committed 5056K, reserved 1048576K
}
Event: 4.706 GC heap before
{Heap before GC invocations=10 (full 0):
 garbage-first heap   total 48128K, used 20676K [0x0000000081800000, 0x0000000100000000)
  region size 1024K, 3 young (3072K), 2 survivors (2048K)
 Metaspace       used 39905K, committed 40448K, reserved 1114112K
  class space    used 4877K, committed 5120K, reserved 1048576K
}
Event: 4.708 GC heap after
{Heap after GC invocations=11 (full 0):
 garbage-first heap   total 48128K, used 19602K [0x0000000081800000, 0x0000000100000000)
  region size 1024K, 1 young (1024K), 1 survivors (1024K)
 Metaspace       used 39905K, committed 40448K, reserved 1114112K
  class space    used 4877K, committed 5120K, reserved 1048576K
}
Event: 5.050 GC heap before
{Heap before GC invocations=11 (full 0):
 garbage-first heap   total 48128K, used 34962K [0x0000000081800000, 0x0000000100000000)
  region size 1024K, 17 young (17408K), 1 survivors (1024K)
 Metaspace       used 44735K, committed 45248K, reserved 1114112K
  class space    used 5559K, committed 5760K, reserved 1048576K
}
Event: 5.052 GC heap after
{Heap after GC invocations=12 (full 0):
 garbage-first heap   total 70656K, used 20249K [0x0000000081800000, 0x0000000100000000)
  region size 1024K, 1 young (1024K), 1 survivors (1024K)
 Metaspace       used 44735K, committed 45248K, reserved 1114112K
  class space    used 5559K, committed 5760K, reserved 1048576K
}
Event: 5.842 GC heap before
{Heap before GC invocations=12 (full 0):
 garbage-first heap   total 70656K, used 53017K [0x0000000081800000, 0x0000000100000000)
  region size 1024K, 34 young (34816K), 1 survivors (1024K)
 Metaspace       used 53894K, committed 54464K, reserved 1114112K
  class space    used 6952K, committed 7232K, reserved 1048576K
}
Event: 5.846 GC heap after
{Heap after GC invocations=13 (full 0):
 garbage-first heap   total 70656K, used 22500K [0x0000000081800000, 0x0000000100000000)
  region size 1024K, 4 young (4096K), 4 survivors (4096K)
 Metaspace       used 53894K, committed 54464K, reserved 1114112K
  class space    used 6952K, committed 7232K, reserved 1048576K
}
Event: 6.573 GC heap before
{Heap before GC invocations=13 (full 0):
 garbage-first heap   total 70656K, used 54244K [0x0000000081800000, 0x0000000100000000)
  region size 1024K, 35 young (35840K), 4 survivors (4096K)
 Metaspace       used 58759K, committed 59392K, reserved 1114112K
  class space    used 7630K, committed 7936K, reserved 1048576K
}
Event: 6.579 GC heap after
{Heap after GC invocations=14 (full 0):
 garbage-first heap   total 70656K, used 25327K [0x0000000081800000, 0x0000000100000000)
  region size 1024K, 5 young (5120K), 5 survivors (5120K)
 Metaspace       used 58759K, committed 59392K, reserved 1114112K
  class space    used 7630K, committed 7936K, reserved 1048576K
}
Event: 6.810 GC heap before
{Heap before GC invocations=14 (full 0):
 garbage-first heap   total 70656K, used 33519K [0x0000000081800000, 0x0000000100000000)
  region size 1024K, 14 young (14336K), 5 survivors (5120K)
 Metaspace       used 59838K, committed 60416K, reserved 1114112K
  class space    used 7767K, committed 8064K, reserved 1048576K
}
Event: 6.815 GC heap after
{Heap after GC invocations=15 (full 0):
 garbage-first heap   total 70656K, used 26572K [0x0000000081800000, 0x0000000100000000)
  region size 1024K, 2 young (2048K), 2 survivors (2048K)
 Metaspace       used 59838K, committed 60416K, reserved 1114112K
  class space    used 7767K, committed 8064K, reserved 1048576K
}
Event: 37.459 GC heap before
{Heap before GC invocations=16 (full 0):
 garbage-first heap   total 70656K, used 53196K [0x0000000081800000, 0x0000000100000000)
  region size 1024K, 29 young (29696K), 2 survivors (2048K)
 Metaspace       used 65313K, committed 66048K, reserved 1114112K
  class space    used 8579K, committed 8960K, reserved 1048576K
}
Event: 37.463 GC heap after
{Heap after GC invocations=17 (full 0):
 garbage-first heap   total 70656K, used 28200K [0x0000000081800000, 0x0000000100000000)
  region size 1024K, 3 young (3072K), 3 survivors (3072K)
 Metaspace       used 65313K, committed 66048K, reserved 1114112K
  class space    used 8579K, committed 8960K, reserved 1048576K
}
Event: 37.491 GC heap before
{Heap before GC invocations=17 (full 0):
 garbage-first heap   total 70656K, used 29224K [0x0000000081800000, 0x0000000100000000)
  region size 1024K, 4 young (4096K), 3 survivors (3072K)
 Metaspace       used 65482K, committed 66240K, reserved 1114112K
  class space    used 8605K, committed 8960K, reserved 1048576K
}
Event: 37.495 GC heap after
{Heap after GC invocations=18 (full 0):
 garbage-first heap   total 70656K, used 28397K [0x0000000081800000, 0x0000000100000000)
  region size 1024K, 1 young (1024K), 1 survivors (1024K)
 Metaspace       used 65482K, committed 66240K, reserved 1114112K
  class space    used 8605K, committed 8960K, reserved 1048576K
}

